[2m2026-02-12T17:52:25.060950Z[0m [32m INFO[0m [2mniri[0m[2m:[0m starting version 25.11 (Nixpkgs)
[2m2026-02-12T17:52:25.065209Z[0m [34mDEBUG[0m [2mniri_config[0m[2m:[0m loaded config from "/home/kanarus/.config/niri/config.kdl"
[2m2026-02-12T17:52:25.259949Z[0m [32m INFO[0m [2mniri::backend::tty[0m[2m:[0m using as the render node: "/dev/dri/renderD128"
[2m2026-02-12T17:52:25.310926Z[0m [34mDEBUG[0m [2mniri::backend::tty[0m[2m:[0m adding device: 57856 "/dev/dri/card0"
[2m2026-02-12T17:52:25.310950Z[0m [34mDEBUG[0m [2mniri::backend::tty[0m[2m:[0m this is the primary node
[2m2026-02-12T17:52:25.332922Z[0m [34mDEBUG[0m [2mniri::backend::tty[0m[2m:[0m got render node: renderD128
[2m2026-02-12T17:52:25.332935Z[0m [34mDEBUG[0m [2mniri::backend::tty[0m[2m:[0m initializing the primary renderer
[2m2026-02-12T17:52:25.346166Z[0m [33m WARN[0m [2mniri::backend::tty[0m[2m:[0m error binding wl-display in EGL: EglExtensionNotSupported(["EGL_WL_bind_wayland_display"])
[2m2026-02-12T17:52:25.379338Z[0m [34mDEBUG[0m [2mniri::backend::tty[0m[2m:[0m device changed: 57856
[2m2026-02-12T17:52:25.380072Z[0m [34mDEBUG[0m [2mniri::backend::tty[0m[2m:[0m new connector: Virtual-1 "Red Hat, Inc. QEMU Monitor Unknown"
[2m2026-02-12T17:52:25.380105Z[0m [34mDEBUG[0m [2mniri::backend::tty[0m[2m:[0m connecting connector: Virtual-1
[2m2026-02-12T17:52:25.380111Z[0m [34mDEBUG[0m [2mniri::backend::tty[0m[2m:[0m picking mode: Mode { name: "1024x768", clock: 82290, size: (1024, 768), hsync: (1280, 1310, 1382), vsync: (771, 774, 794), hskew: 0, vscan: 0, vrefresh: 75, mode_type: ModeTypeFlags(PREFERRED | DRIVER) }
[2m2026-02-12T17:52:25.380622Z[0m [34mDEBUG[0m [2mniri::backend::tty[0m[2m:[0m couldn't reset HDR properties: couldn't find property: "HDR_OUTPUT_METADATA"
[2m2026-02-12T17:52:25.380637Z[0m [34mDEBUG[0m [2mniri::backend::tty[0m[2m:[0m couldn't get gamma properties: missing GAMMA_LUT property
[2m2026-02-12T17:52:25.380640Z[0m [34mDEBUG[0m [2mniri::backend::tty[0m[2m:[0m couldn't reset gamma: setting gamma is not supported
[2m2026-02-12T17:52:25.383005Z[0m [34mDEBUG[0m [2mniri::niri[0m[2m:[0m putting output Virtual-1 at x=0 y=0
[2m2026-02-12T17:52:25.384140Z[0m [32m INFO[0m [2mniri[0m[2m:[0m listening on Wayland socket: wayland-1
[2m2026-02-12T17:52:25.384145Z[0m [32m INFO[0m [2mniri[0m[2m:[0m IPC listening on: /run/user/1000/niri.wayland-1.3643.sock
[2m2026-02-12T17:52:25.384348Z[0m [33m WARN[0m [2mniri::utils::xwayland::satellite[0m[2m:[0m error spawning xwayland-satellite at "xwayland-satellite", disabling integration: No such file or directory (os error 2)
[2m2026-02-12T17:52:25.388921Z[0m [33m WARN[0m [2mniri::cursor[0m[2m:[0m error loading xcursor default@24: no default icon
[2m2026-02-12T17:54:52.576738Z[0m [33m WARN[0m [2mniri::cursor[0m[2m:[0m error loading xcursor text@24: no default icon
[2m2026-02-12T17:54:52.645991Z[0m [33m WARN[0m [2mniri::cursor[0m[2m:[0m error loading xcursor w-resize@24: no default icon
[2m2026-02-13T17:51:58.706712Z[0m [33m WARN[0m [2mniri::utils::vblank_throttle[0m[2m:[0m output Virtual-1 running faster than expected, throttling vblanks: expected refresh 13.334646ms, got vblank after 4.222ms
[2m2026-02-13T18:00:04.650681Z[0m [33m WARN[0m [2mniri::cursor[0m[2m:[0m error loading xcursor s-resize@24: no default icon
[2m2026-02-13T18:20:47.788981Z[0m [33m WARN[0m [2mniri::cursor[0m[2m:[0m error loading xcursor pointer@24: no default icon
